This file contains any messages produced by compilers while
running configure, to aid debugging if configure makes a mistake.

It was created by eflete configure 1.19.1, which was
generated by GNU Autoconf 2.69.  Invocation command line was

  $ ./configure --no-create --no-recursion

## --------- ##
## Platform. ##
## --------- ##

hostname = dimmus-VirtualBox
uname -m = x86_64
uname -r = 5.15.0-52-generic
uname -s = Linux
uname -v = #58~20.04.1-Ubuntu SMP Thu Oct 13 13:09:46 UTC 2022

/usr/bin/uname -p = x86_64
/bin/uname -X     = unknown

/bin/arch              = x86_64
/usr/bin/arch -k       = unknown
/usr/convex/getsysinfo = unknown
/usr/bin/hostinfo      = unknown
/bin/machine           = unknown
/usr/bin/oslevel       = unknown
/bin/universe          = unknown

PATH: /usr/local/sbin
PATH: /usr/local/bin
PATH: /usr/sbin
PATH: /usr/bin
PATH: /sbin
PATH: /bin
PATH: /usr/games
PATH: /usr/local/games
PATH: /snap/bin


## ----------- ##
## Core tests. ##
## ----------- ##

configure:2307: checking for gcc
configure:2323: found /usr/bin/gcc
configure:2334: result: gcc
configure:2563: checking for C compiler version
configure:2572: gcc --version >&5
gcc (Ubuntu 9.4.0-1ubuntu1~20.04.1) 9.4.0
Copyright (C) 2019 Free Software Foundation, Inc.
This is free software; see the source for copying conditions.  There is NO
warranty; not even for MERCHANTABILITY or FITNESS FOR A PARTICULAR PURPOSE.

configure:2583: $? = 0
configure:2572: gcc -v >&5
Using built-in specs.
COLLECT_GCC=gcc
COLLECT_LTO_WRAPPER=/usr/lib/gcc/x86_64-linux-gnu/9/lto-wrapper
OFFLOAD_TARGET_NAMES=nvptx-none:hsa
OFFLOAD_TARGET_DEFAULT=1
Target: x86_64-linux-gnu
Configured with: ../src/configure -v --with-pkgversion='Ubuntu 9.4.0-1ubuntu1~20.04.1' --with-bugurl=file:///usr/share/doc/gcc-9/README.Bugs --enable-languages=c,ada,c++,go,brig,d,fortran,objc,obj-c++,gm2 --prefix=/usr --with-gcc-major-version-only --program-suffix=-9 --program-prefix=x86_64-linux-gnu- --enable-shared --enable-linker-build-id --libexecdir=/usr/lib --without-included-gettext --enable-threads=posix --libdir=/usr/lib --enable-nls --enable-clocale=gnu --enable-libstdcxx-debug --enable-libstdcxx-time=yes --with-default-libstdcxx-abi=new --enable-gnu-unique-object --disable-vtable-verify --enable-plugin --enable-default-pie --with-system-zlib --with-target-system-zlib=auto --enable-objc-gc=auto --enable-multiarch --disable-werror --with-arch-32=i686 --with-abi=m64 --with-multilib-list=m32,m64,mx32 --enable-multilib --with-tune=generic --enable-offload-targets=nvptx-none=/build/gcc-9-Av3uEd/gcc-9-9.4.0/debian/tmp-nvptx/usr,hsa --without-cuda-driver --enable-checking=release --build=x86_64-linux-gnu --host=x86_64-linux-gnu --target=x86_64-linux-gnu
Thread model: posix
gcc version 9.4.0 (Ubuntu 9.4.0-1ubuntu1~20.04.1) 
configure:2583: $? = 0
configure:2572: gcc -V >&5
gcc: error: unrecognized command line option '-V'
gcc: fatal error: no input files
compilation terminated.
configure:2583: $? = 1
configure:2572: gcc -qversion >&5
gcc: error: unrecognized command line option '-qversion'; did you mean '--version'?
gcc: fatal error: no input files
compilation terminated.
configure:2583: $? = 1
configure:2603: checking whether the C compiler works
configure:2625: gcc    conftest.c  >&5
configure:2629: $? = 0
configure:2677: result: yes
configure:2680: checking for C compiler default output file name
configure:2682: result: a.out
configure:2688: checking for suffix of executables
configure:2695: gcc -o conftest    conftest.c  >&5
configure:2699: $? = 0
configure:2721: result: 
configure:2743: checking whether we are cross compiling
configure:2751: gcc -o conftest    conftest.c  >&5
configure:2755: $? = 0
configure:2762: ./conftest
configure:2766: $? = 0
configure:2754: result: no
configure:2759: checking for suffix of object files
configure:2781: gcc -c   conftest.c >&5
configure:2785: $? = 0
configure:2806: result: o
configure:2810: checking whether we are using the GNU C compiler
configure:2829: gcc -c   conftest.c >&5
configure:2829: $? = 0
configure:2838: result: yes
configure:2847: checking whether gcc accepts -g
configure:2867: gcc -c -g  conftest.c >&5
configure:2867: $? = 0
configure:2908: result: yes
configure:2925: checking for gcc option to accept ISO C89
configure:2988: gcc  -c -g -O2  conftest.c >&5
configure:2988: $? = 0
configure:3001: result: none needed
configure:3029: checking whether gcc understands -c and -o together
configure:3051: gcc -c conftest.c -o conftest2.o
configure:3054: $? = 0
configure:3051: gcc -c conftest.c -o conftest2.o
configure:3054: $? = 0
configure:3066: result: yes
configure:3126: checking for ranlib
configure:3142: found /usr/bin/ranlib
configure:3153: result: ranlib
configure:3186: checking whether make supports nested variables
configure:3203: result: yes
configure:3230: checking for a BSD-compatible install
configure:3298: result: /usr/bin/install -c
configure:3309: checking whether build environment is sane
configure:3364: result: yes
configure:3510: checking for a thread-safe mkdir -p
configure:3549: result: /usr/bin/mkdir -p
configure:3556: checking for gawk
configure:3586: result: no
configure:3556: checking for mawk
configure:3572: found /usr/bin/mawk
configure:3583: result: mawk
configure:3594: checking whether make sets $(MAKE)
configure:3616: result: yes
configure:3638: checking whether make supports the include directive
configure:3653: make -f confmf.GNU && cat confinc.out
make[5]: Entering directory '/home/dimmus/dev/eflete/eflete-1.19.1-efl-1.20'
make[5]: Leaving directory '/home/dimmus/dev/eflete/eflete-1.19.1-efl-1.20'
this is the am__doit target
configure:3656: $? = 0
configure:3675: result: yes (GNU style)
configure:3771: checking dependency style of gcc
configure:3882: result: gcc3
configure:3970: checking build system type
configure:3984: result: x86_64-pc-linux-gnu
configure:4004: checking host system type
configure:4017: result: x86_64-pc-linux-gnu
configure:4058: checking how to print strings
configure:4085: result: printf
configure:4106: checking for a sed that does not truncate output
configure:4170: result: /usr/bin/sed
configure:4188: checking for grep that handles long lines and -e
configure:4246: result: /usr/bin/grep
configure:4251: checking for egrep
configure:4313: result: /usr/bin/grep -E
configure:4318: checking for fgrep
configure:4380: result: /usr/bin/grep -F
configure:4415: checking for ld used by gcc
configure:4482: result: /usr/bin/ld
configure:4489: checking if the linker (/usr/bin/ld) is GNU ld
configure:4504: result: yes
configure:4516: checking for BSD- or MS-compatible name lister (nm)
configure:4570: result: /usr/bin/nm -B
configure:4700: checking the name lister (/usr/bin/nm -B) interface
configure:4707: gcc -c -g -O2  conftest.c >&5
configure:4710: /usr/bin/nm -B "conftest.o"
configure:4713: output
0000000000000000 B some_variable
configure:4714: result: BSD nm
configure:4717: checking whether ln -s works
configure:4721: result: yes
configure:4729: checking the maximum length of command line arguments
configure:4860: result: 1572864
configure:4908: checking how to convert x86_64-pc-linux-gnu file names to x86_64-pc-linux-gnu format
configure:4948: result: func_convert_file_noop
configure:4955: checking how to convert x86_64-pc-linux-gnu file names to toolchain format
configure:4975: result: func_convert_file_noop
configure:4982: checking for /usr/bin/ld option to reload object files
configure:4989: result: -r
configure:5063: checking for objdump
configure:5079: found /usr/bin/objdump
configure:5090: result: objdump
configure:5119: checking how to recognize dependent libraries
configure:5319: result: pass_all
configure:5404: checking for dlltool
configure:5434: result: no
configure:5461: checking how to associate runtime and link libraries
configure:5488: result: printf %s\n
configure:5549: checking for ar
configure:5565: found /usr/bin/ar
configure:5576: result: ar
configure:5613: checking for archiver @FILE support
configure:5630: gcc -c -g -O2  conftest.c >&5
configure:5630: $? = 0
configure:5633: ar cr libconftest.a @conftest.lst >&5
configure:5636: $? = 0
configure:5641: ar cr libconftest.a @conftest.lst >&5
ar: conftest.o: No such file or directory
configure:5644: $? = 1
configure:5643: result: @
configure:5701: checking for strip
configure:5717: found /usr/bin/strip
configure:5728: result: strip
configure:5800: checking for ranlib
configure:5827: result: ranlib
configure:5929: checking command to parse /usr/bin/nm -B output from gcc object
configure:6082: gcc -c -g -O2  conftest.c >&5
configure:6085: $? = 0
configure:6089: /usr/bin/nm -B conftest.o | sed -n -e 's/^.*[	 ]\([ABCDGIRSTW][ABCDGIRSTW]*\)[	 ][	 ]*\([_A-Za-z][_A-Za-z0-9]*\)$/\1 \2 \2/p' | sed '/ __gnu_lto/d' > conftest.nm
configure:6155: gcc -o conftest -g -O2   conftest.c conftstm.o >&5
configure:6158: $? = 0
configure:6196: result: ok
configure:6243: checking for sysroot
configure:6273: result: no
configure:6280: checking for a working dd
configure:6318: result: /usr/bin/dd
configure:6322: checking how to truncate binary pipes
configure:6337: result: /usr/bin/dd bs=4096 count=1
configure:6473: gcc -c -g -O2  conftest.c >&5
configure:6476: $? = 0
configure:6666: checking for mt
configure:6682: found /usr/bin/mt
configure:6693: result: mt
configure:6716: checking if mt is a manifest tool
configure:6722: mt '-?'
configure:6730: result: no
configure:7407: checking how to run the C preprocessor
configure:7438: gcc -E  conftest.c
configure:7438: $? = 0
configure:7452: gcc -E  conftest.c
conftest.c:11:10: fatal error: ac_nonexistent.h: No such file or directory
   11 | #include <ac_nonexistent.h>
      |          ^~~~~~~~~~~~~~~~~~
compilation terminated.
configure:7452: $? = 1
configure: failed program was:
| /* confdefs.h */
| #define PACKAGE_NAME "eflete"
| #define PACKAGE_TARNAME "eflete"
| #define PACKAGE_VERSION "1.19.1"
| #define PACKAGE_STRING "eflete 1.19.1"
| #define PACKAGE_BUGREPORT "enlightenment-devel@lists.sourceforge.net"
| #define PACKAGE_URL ""
| #define PACKAGE "eflete"
| #define VERSION "1.19.1"
| /* end confdefs.h.  */
| #include <ac_nonexistent.h>
configure:7477: result: gcc -E
configure:7497: gcc -E  conftest.c
configure:7497: $? = 0
configure:7511: gcc -E  conftest.c
conftest.c:11:10: fatal error: ac_nonexistent.h: No such file or directory
   11 | #include <ac_nonexistent.h>
      |          ^~~~~~~~~~~~~~~~~~
compilation terminated.
configure:7511: $? = 1
configure: failed program was:
| /* confdefs.h */
| #define PACKAGE_NAME "eflete"
| #define PACKAGE_TARNAME "eflete"
| #define PACKAGE_VERSION "1.19.1"
| #define PACKAGE_STRING "eflete 1.19.1"
| #define PACKAGE_BUGREPORT "enlightenment-devel@lists.sourceforge.net"
| #define PACKAGE_URL ""
| #define PACKAGE "eflete"
| #define VERSION "1.19.1"
| /* end confdefs.h.  */
| #include <ac_nonexistent.h>
configure:7540: checking for ANSI C header files
configure:7560: gcc -c -g -O2  conftest.c >&5
configure:7560: $? = 0
configure:7633: gcc -o conftest -g -O2   conftest.c  >&5
configure:7633: $? = 0
configure:7633: ./conftest
configure:7633: $? = 0
configure:7644: result: yes
configure:7657: checking for sys/types.h
configure:7657: gcc -c -g -O2  conftest.c >&5
configure:7657: $? = 0
configure:7657: result: yes
configure:7657: checking for sys/stat.h
configure:7657: gcc -c -g -O2  conftest.c >&5
configure:7657: $? = 0
configure:7657: result: yes
configure:7657: checking for stdlib.h
configure:7657: gcc -c -g -O2  conftest.c >&5
configure:7657: $? = 0
configure:7657: result: yes
configure:7657: checking for string.h
configure:7657: gcc -c -g -O2  conftest.c >&5
configure:7657: $? = 0
configure:7657: result: yes
configure:7657: checking for memory.h
configure:7657: gcc -c -g -O2  conftest.c >&5
configure:7657: $? = 0
configure:7657: result: yes
configure:7657: checking for strings.h
configure:7657: gcc -c -g -O2  conftest.c >&5
configure:7657: $? = 0
configure:7657: result: yes
configure:7657: checking for inttypes.h
configure:7657: gcc -c -g -O2  conftest.c >&5
configure:7657: $? = 0
configure:7657: result: yes
configure:7657: checking for stdint.h
configure:7657: gcc -c -g -O2  conftest.c >&5
configure:7657: $? = 0
configure:7657: result: yes
configure:7657: checking for unistd.h
configure:7657: gcc -c -g -O2  conftest.c >&5
configure:7657: $? = 0
configure:7657: result: yes
configure:7671: checking for dlfcn.h
configure:7671: gcc -c -g -O2  conftest.c >&5
configure:7671: $? = 0
configure:7671: result: yes
configure:8223: checking for objdir
configure:8238: result: .libs
configure:8502: checking if gcc supports -fno-rtti -fno-exceptions
configure:8520: gcc -c -g -O2  -fno-rtti -fno-exceptions conftest.c >&5
cc1: warning: command line option '-fno-rtti' is valid for C++/D/ObjC++ but not for C
configure:8524: $? = 0
configure:8537: result: no
configure:8901: checking for gcc option to produce PIC
configure:8908: result: -fPIC -DPIC
configure:8916: checking if gcc PIC flag -fPIC -DPIC works
configure:8934: gcc -c -g -O2  -fPIC -DPIC -DPIC conftest.c >&5
configure:8938: $? = 0
configure:8951: result: yes
configure:8980: checking if gcc static flag -static works
configure:9008: result: yes
configure:9023: checking if gcc supports -c -o file.o

## ---------------- ##
## Cache variables. ##
## ---------------- ##

ac_cv_build=x86_64-pc-linux-gnu
ac_cv_c_compiler_gnu=yes
ac_cv_env_CC_set=
ac_cv_env_CC_value=
ac_cv_env_CFLAGS_set=
ac_cv_env_CFLAGS_value=
ac_cv_env_CHECK_CFLAGS_set=
ac_cv_env_CHECK_CFLAGS_value=
ac_cv_env_CHECK_LIBS_set=
ac_cv_env_CHECK_LIBS_value=
ac_cv_env_CPPFLAGS_set=
ac_cv_env_CPPFLAGS_value=
ac_cv_env_CPP_set=
ac_cv_env_CPP_value=
ac_cv_env_EFL_CFLAGS_set=
ac_cv_env_EFL_CFLAGS_value=
ac_cv_env_EFL_LIBS_set=
ac_cv_env_EFL_LIBS_value=
ac_cv_env_LDFLAGS_set=
ac_cv_env_LDFLAGS_value=
ac_cv_env_LIBS_set=
ac_cv_env_LIBS_value=
ac_cv_env_LT_SYS_LIBRARY_PATH_set=
ac_cv_env_LT_SYS_LIBRARY_PATH_value=
ac_cv_env_PKG_CONFIG_LIBDIR_set=
ac_cv_env_PKG_CONFIG_LIBDIR_value=
ac_cv_env_PKG_CONFIG_PATH_set=
ac_cv_env_PKG_CONFIG_PATH_value=
ac_cv_env_PKG_CONFIG_set=
ac_cv_env_PKG_CONFIG_value=
ac_cv_env_build_alias_set=
ac_cv_env_build_alias_value=
ac_cv_env_host_alias_set=
ac_cv_env_host_alias_value=
ac_cv_env_target_alias_set=
ac_cv_env_target_alias_value=
ac_cv_header_dlfcn_h=yes
ac_cv_header_inttypes_h=yes
ac_cv_header_memory_h=yes
ac_cv_header_stdc=yes
ac_cv_header_stdint_h=yes
ac_cv_header_stdlib_h=yes
ac_cv_header_string_h=yes
ac_cv_header_strings_h=yes
ac_cv_header_sys_stat_h=yes
ac_cv_header_sys_types_h=yes
ac_cv_header_unistd_h=yes
ac_cv_host=x86_64-pc-linux-gnu
ac_cv_objext=o
ac_cv_path_EGREP='/usr/bin/grep -E'
ac_cv_path_FGREP='/usr/bin/grep -F'
ac_cv_path_GREP=/usr/bin/grep
ac_cv_path_SED=/usr/bin/sed
ac_cv_path_install='/usr/bin/install -c'
ac_cv_path_lt_DD=/usr/bin/dd
ac_cv_path_mkdir=/usr/bin/mkdir
ac_cv_prog_AWK=mawk
ac_cv_prog_CPP='gcc -E'
ac_cv_prog_ac_ct_AR=ar
ac_cv_prog_ac_ct_CC=gcc
ac_cv_prog_ac_ct_MANIFEST_TOOL=mt
ac_cv_prog_ac_ct_OBJDUMP=objdump
ac_cv_prog_ac_ct_RANLIB=ranlib
ac_cv_prog_ac_ct_STRIP=strip
ac_cv_prog_cc_c89=
ac_cv_prog_cc_g=yes
ac_cv_prog_make_make_set=yes
am_cv_CC_dependencies_compiler_type=gcc3
am_cv_make_support_nested_variables=yes
am_cv_prog_cc_c_o=yes
lt_cv_ar_at_file=@
lt_cv_deplibs_check_method=pass_all
lt_cv_file_magic_cmd='$MAGIC_CMD'
lt_cv_file_magic_test_file=
lt_cv_ld_reload_flag=-r
lt_cv_nm_interface='BSD nm'
lt_cv_objdir=.libs
lt_cv_path_LD=/usr/bin/ld
lt_cv_path_NM='/usr/bin/nm -B'
lt_cv_path_mainfest_tool=no
lt_cv_prog_compiler_c_o=no
lt_cv_prog_compiler_pic='-fPIC -DPIC'
lt_cv_prog_compiler_pic_works=yes
lt_cv_prog_compiler_rtti_exceptions=no
lt_cv_prog_compiler_static_works=yes
lt_cv_prog_gnu_ld=yes
lt_cv_sharedlib_from_linklib_cmd='printf %s\n'
lt_cv_sys_global_symbol_pipe='sed -n -e '\''s/^.*[	 ]\([ABCDGIRSTW][ABCDGIRSTW]*\)[	 ][	 ]*\([_A-Za-z][_A-Za-z0-9]*\)$/\1 \2 \2/p'\'' | sed '\''/ __gnu_lto/d'\'''
lt_cv_sys_global_symbol_to_c_name_address='sed -n -e '\''s/^: \(.*\) .*$/  {"\1", (void *) 0},/p'\'' -e '\''s/^[ABCDGIRSTW][ABCDGIRSTW]* .* \(.*\)$/  {"\1", (void *) \&\1},/p'\'''
lt_cv_sys_global_symbol_to_c_name_address_lib_prefix='sed -n -e '\''s/^: \(.*\) .*$/  {"\1", (void *) 0},/p'\'' -e '\''s/^[ABCDGIRSTW][ABCDGIRSTW]* .* \(lib.*\)$/  {"\1", (void *) \&\1},/p'\'' -e '\''s/^[ABCDGIRSTW][ABCDGIRSTW]* .* \(.*\)$/  {"lib\1", (void *) \&\1},/p'\'''
lt_cv_sys_global_symbol_to_cdecl='sed -n -e '\''s/^T .* \(.*\)$/extern int \1();/p'\'' -e '\''s/^[ABCDGIRSTW][ABCDGIRSTW]* .* \(.*\)$/extern char \1;/p'\'''
lt_cv_sys_global_symbol_to_import=
lt_cv_sys_max_cmd_len=1572864
lt_cv_to_host_file_cmd=func_convert_file_noop
lt_cv_to_tool_file_cmd=func_convert_file_noop
lt_cv_truncate_bin='/usr/bin/dd bs=4096 count=1'

## ----------------- ##
## Output variables. ##
## ----------------- ##

ACLOCAL='${SHELL} /home/dimmus/dev/eflete/eflete-1.19.1-efl-1.20/config/missing aclocal-1.16'
AMDEPBACKSLASH='\'
AMDEP_FALSE='#'
AMDEP_TRUE=''
AMTAR='$${TAR-tar}'
AM_BACKSLASH='\'
AM_DEFAULT_V='$(AM_DEFAULT_VERBOSITY)'
AM_DEFAULT_VERBOSITY='0'
AM_V='$(V)'
AR='ar'
AS='as'
AUTOCONF='${SHELL} /home/dimmus/dev/eflete/eflete-1.19.1-efl-1.20/config/missing autoconf'
AUTOHEADER='${SHELL} /home/dimmus/dev/eflete/eflete-1.19.1-efl-1.20/config/missing autoheader'
AUTOMAKE='${SHELL} /home/dimmus/dev/eflete/eflete-1.19.1-efl-1.20/config/missing automake-1.16'
AWK='mawk'
CC='gcc'
CCDEPMODE='depmode=gcc3'
CFLAGS='-g -O2'
CHECK_CFLAGS=''
CHECK_FOUND=''
CHECK_FOUND_FALSE=''
CHECK_FOUND_TRUE=''
CHECK_LIBS=''
CPP='gcc -E'
CPPFLAGS=''
CYGPATH_W='echo'
DEFS=''
DEPDIR='.deps'
DEPS_EOLIAN_FLAGS=''
DLLTOOL='false'
DOXYGEN=''
DSYMUTIL=''
DUMPBIN=''
ECHO_C=''
ECHO_N='-n'
ECHO_T=''
EFLETE_DEBUG_DEF=''
EFLETE_DEFINE=''
EFL_CFLAGS=''
EFL_LIBS=''
EGREP='/usr/bin/grep -E'
EWE_LTLIBRARY_FLAGS=''
EWE_LTMODULE_FLAGS=''
EXEEXT=''
FGREP='/usr/bin/grep -F'
GETTEXT_MACRO_VERSION=''
GMSGFMT=''
GMSGFMT_015=''
GREP='/usr/bin/grep'
HAVE_DOXYGEN_FALSE=''
HAVE_DOXYGEN_TRUE=''
HAVE_EOLIAN_GEN_FALSE=''
HAVE_EOLIAN_GEN_TRUE=''
INSTALL_DATA='${INSTALL} -m 644'
INSTALL_PROGRAM='${INSTALL}'
INSTALL_SCRIPT='${INSTALL}'
INSTALL_STRIP_PROGRAM='$(install_sh) -c -s'
INTLLIBS=''
INTL_MACOSX_LIBS=''
LD='/usr/bin/ld -m elf_x86_64'
LDFLAGS=''
LIBICONV=''
LIBINTL=''
LIBOBJS=''
LIBS=''
LIBTOOL='$(SHELL) $(top_builddir)/libtool'
LIPO=''
LN_S='ln -s'
LOCALE_DIR=''
LTLIBICONV=''
LTLIBINTL=''
LTLIBOBJS=''
LT_SYS_LIBRARY_PATH=''
MAKEINFO='${SHELL} /home/dimmus/dev/eflete/eflete-1.19.1-efl-1.20/config/missing makeinfo'
MANIFEST_TOOL=':'
MKDIR_P='/usr/bin/mkdir -p'
MSGFMT=''
MSGFMT_015=''
MSGMERGE=''
NM='/usr/bin/nm -B'
NMEDIT=''
OBJDUMP='objdump'
OBJEXT='o'
OTOOL64=''
OTOOL=''
PACKAGE='eflete'
PACKAGE_BUGREPORT='enlightenment-devel@lists.sourceforge.net'
PACKAGE_NAME='eflete'
PACKAGE_STRING='eflete 1.19.1'
PACKAGE_TARNAME='eflete'
PACKAGE_URL=''
PACKAGE_VERSION='1.19.1'
PATH_SEPARATOR=':'
PKG_CONFIG=''
PKG_CONFIG_LIBDIR=''
PKG_CONFIG_PATH=''
POSUB=''
RANLIB='ranlib'
SED='/usr/bin/sed'
SET_MAKE=''
SHELL='/bin/bash'
STRIP='strip'
USE_NLS=''
VERSION='1.19.1'
VMAJ=''
VMIC=''
VMIN=''
WANT_TIZEN_FALSE=''
WANT_TIZEN_TRUE=''
XGETTEXT=''
XGETTEXT_015=''
XGETTEXT_EXTRA_OPTIONS=''
ac_ct_AR='ar'
ac_ct_CC='gcc'
ac_ct_DUMPBIN=''
am__EXEEXT_FALSE=''
am__EXEEXT_TRUE=''
am__fastdepCC_FALSE='#'
am__fastdepCC_TRUE=''
am__include='include'
am__isrc=''
am__leading_dot='.'
am__nodep='_no'
am__quote=''
am__tar='$${TAR-tar} chof - "$$tardir"'
am__untar='$${TAR-tar} xf -'
bindir='${exec_prefix}/bin'
build='x86_64-pc-linux-gnu'
build_alias=''
build_cpu='x86_64'
build_os='linux-gnu'
build_vendor='pc'
datadir='${datarootdir}'
datarootdir='${prefix}/share'
docdir='${datarootdir}/doc/${PACKAGE_TARNAME}'
dvidir='${docdir}'
edje_cc=''
edje_pick=''
eet_eet=''
efl_v=''
eolian_gen=''
exec_prefix='NONE'
host='x86_64-pc-linux-gnu'
host_alias=''
host_cpu='x86_64'
host_os='linux-gnu'
host_vendor='pc'
htmldir='${docdir}'
includedir='${prefix}/include'
infodir='${datarootdir}/info'
install_sh='${SHELL} /home/dimmus/dev/eflete/eflete-1.19.1-efl-1.20/config/install-sh'
libdir='${exec_prefix}/lib'
libexecdir='${exec_prefix}/libexec'
localedir='${datarootdir}/locale'
localstatedir='${prefix}/var'
mandir='${datarootdir}/man'
mkdir_p='$(MKDIR_P)'
oldincludedir='/usr/include'
pdfdir='${docdir}'
prefix='NONE'
program_transform_name='s,x,x,'
psdir='${docdir}'
runstatedir='${localstatedir}/run'
sbindir='${exec_prefix}/sbin'
sharedstatedir='${prefix}/com'
sysconfdir='${prefix}/etc'
target_alias=''

## ----------- ##
## confdefs.h. ##
## ----------- ##

/* confdefs.h */
#define PACKAGE_NAME "eflete"
#define PACKAGE_TARNAME "eflete"
#define PACKAGE_VERSION "1.19.1"
#define PACKAGE_STRING "eflete 1.19.1"
#define PACKAGE_BUGREPORT "enlightenment-devel@lists.sourceforge.net"
#define PACKAGE_URL ""
#define PACKAGE "eflete"
#define VERSION "1.19.1"
#define STDC_HEADERS 1
#define HAVE_SYS_TYPES_H 1
#define HAVE_SYS_STAT_H 1
#define HAVE_STDLIB_H 1
#define HAVE_STRING_H 1
#define HAVE_MEMORY_H 1
#define HAVE_STRINGS_H 1
#define HAVE_INTTYPES_H 1
#define HAVE_STDINT_H 1
#define HAVE_UNISTD_H 1
#define HAVE_DLFCN_H 1
#define LT_OBJDIR ".libs/"

configure: caught signal 2
configure: exit 1
